<?xml version="1.0" encoding="UTF-8"?>
<testng-results skipped="0" failed="0" ignored="0" total="1" passed="1">
  <reporter-output>
  </reporter-output>
  <suite name="Default suite" duration-ms="10992" started-at="2020-04-13T13:30:17 BST" finished-at="2020-04-13T13:30:28 BST">
    <groups>
    </groups>
    <test name="Default test" duration-ms="10992" started-at="2020-04-13T13:30:17 BST" finished-at="2020-04-13T13:30:28 BST">
      <class name="mavenPOC.MavenTestClass">
        <test-method status="PASS" signature="testgooglesearch()[pri:0, instance:mavenPOC.MavenTestClass@7cd62f43]" name="testgooglesearch" duration-ms="10891" started-at="2020-04-13T13:30:17 BST" finished-at="2020-04-13T13:30:28 BST">
          <reporter-output>
          </reporter-output>
        </test-method> <!-- testgooglesearch -->
      </class> <!-- mavenPOC.MavenTestClass -->
    </test> <!-- Default test -->
  </suite> <!-- Default suite -->
</testng-results>
